<?xml version="1.0" encoding="UTF-8"?>
<coverage generated="1648484457025" clover="3.2.0">
  <project timestamp="1648484457026" name="All files">
    <metrics statements="24" coveredstatements="24" conditionals="7" coveredconditionals="5" methods="8" coveredmethods="8" elements="39" coveredelements="37" complexity="0" loc="24" ncloc="24" packages="2" files="4" classes="4"/>
    <package name="src">
      <metrics statements="22" coveredstatements="22" conditionals="3" coveredconditionals="2" methods="6" coveredmethods="6"/>
      <file name="App.vue" path="C:\Users\MGOWROJU\Desktop\TV Mate git\TvMate\src\App.vue">
        <metrics statements="1" coveredstatements="1" conditionals="3" coveredconditionals="2" methods="1" coveredmethods="1"/>
        <line num="1" count="23" type="cond" truecount="2" falsecount="1"/>
      </file>
      <file name="utils.js" path="C:\Users\MGOWROJU\Desktop\TV Mate git\TvMate\src\utils.js">
        <metrics statements="21" coveredstatements="21" conditionals="0" coveredconditionals="0" methods="5" coveredmethods="5"/>
        <line num="3" count="3" type="stmt"/>
        <line num="5" count="3" type="stmt"/>
        <line num="6" count="2" type="stmt"/>
        <line num="7" count="2" type="stmt"/>
        <line num="9" count="1" type="stmt"/>
        <line num="13" count="3" type="stmt"/>
        <line num="14" count="2" type="stmt"/>
        <line num="15" count="2" type="stmt"/>
        <line num="17" count="1" type="stmt"/>
        <line num="21" count="3" type="stmt"/>
        <line num="22" count="2" type="stmt"/>
        <line num="23" count="2" type="stmt"/>
        <line num="25" count="1" type="stmt"/>
        <line num="29" count="3" type="stmt"/>
        <line num="30" count="2" type="stmt"/>
        <line num="31" count="2" type="stmt"/>
        <line num="33" count="1" type="stmt"/>
        <line num="37" count="3" type="stmt"/>
        <line num="38" count="2" type="stmt"/>
        <line num="39" count="2" type="stmt"/>
        <line num="41" count="1" type="stmt"/>
      </file>
    </package>
    <package name="src.components">
      <metrics statements="2" coveredstatements="2" conditionals="4" coveredconditionals="3" methods="2" coveredmethods="2"/>
      <file name="ShowDetails.vue" path="C:\Users\MGOWROJU\Desktop\TV Mate git\TvMate\src\components\ShowDetails.vue">
        <metrics statements="1" coveredstatements="1" conditionals="2" coveredconditionals="2" methods="1" coveredmethods="1"/>
        <line num="1" count="102" type="cond" truecount="2" falsecount="0"/>
      </file>
      <file name="ShowsDashboard.vue" path="C:\Users\MGOWROJU\Desktop\TV Mate git\TvMate\src\components\ShowsDashboard.vue">
        <metrics statements="1" coveredstatements="1" conditionals="2" coveredconditionals="1" methods="1" coveredmethods="1"/>
        <line num="1" count="21" type="cond" truecount="1" falsecount="1"/>
      </file>
    </package>
  </project>
</coverage>
