{"C:\\Users\\MGOWROJU\\Desktop\\TV Mate git\\TvMate\\src\\App.vue": {"path":"C:\\Users\\MGOWROJU\\Desktop\\TV Mate git\\TvMate\\src\\App.vue","statementMap":{"0":{"start":{"line":1,"column":0},"end":{"line":1,"column":null}}},"fnMap":{"0":{"name":"(anonymous_0)","decl":{"start":{"line":1,"column":0},"end":{"line":1,"column":null}},"loc":{"start":{"line":1,"column":0},"end":{"line":1,"column":null}}}},"branchMap":{"0":{"loc":{"start":{"line":1,"column":0},"end":{"line":1,"column":null}},"type":"cond-expr","locations":[{"start":{"line":1,"column":0},"end":{"line":1,"column":null}},{"start":{"line":1,"column":0},"end":{"line":1,"column":null}}]},"1":{"loc":{"start":{"line":1,"column":0},"end":{"line":1,"column":null}},"type":"if","locations":[{"start":{"line":1,"column":0},"end":{"line":1,"column":null}}]}},"s":{"0":23},"f":{"0":8},"b":{"0":[18,6],"1":[0]}}
,"C:\\Users\\MGOWROJU\\Desktop\\TV Mate git\\TvMate\\src\\utils.js": {"path":"C:\\Users\\MGOWROJU\\Desktop\\TV Mate git\\TvMate\\src\\utils.js","statementMap":{"0":{"start":{"line":3,"column":24},"end":{"line":3,"column":54}},"1":{"start":{"line":5,"column":26},"end":{"line":11,"column":1}},"2":{"start":{"line":6,"column":2},"end":{"line":10,"column":3}},"3":{"start":{"line":7,"column":4},"end":{"line":7,"column":48}},"4":{"start":{"line":9,"column":4},"end":{"line":9,"column":14}},"5":{"start":{"line":13,"column":29},"end":{"line":19,"column":1}},"6":{"start":{"line":14,"column":2},"end":{"line":18,"column":3}},"7":{"start":{"line":15,"column":4},"end":{"line":15,"column":49}},"8":{"start":{"line":17,"column":4},"end":{"line":17,"column":14}},"9":{"start":{"line":21,"column":29},"end":{"line":27,"column":1}},"10":{"start":{"line":22,"column":2},"end":{"line":26,"column":3}},"11":{"start":{"line":23,"column":4},"end":{"line":23,"column":56}},"12":{"start":{"line":25,"column":4},"end":{"line":25,"column":14}},"13":{"start":{"line":29,"column":29},"end":{"line":35,"column":1}},"14":{"start":{"line":30,"column":2},"end":{"line":34,"column":3}},"15":{"start":{"line":31,"column":4},"end":{"line":31,"column":55}},"16":{"start":{"line":33,"column":4},"end":{"line":33,"column":14}},"17":{"start":{"line":37,"column":30},"end":{"line":43,"column":1}},"18":{"start":{"line":38,"column":2},"end":{"line":42,"column":3}},"19":{"start":{"line":39,"column":4},"end":{"line":39,"column":55}},"20":{"start":{"line":41,"column":4},"end":{"line":41,"column":14}}},"fnMap":{"0":{"name":"(anonymous_0)","decl":{"start":{"line":5,"column":26},"end":{"line":5,"column":27}},"loc":{"start":{"line":5,"column":38},"end":{"line":11,"column":1}},"line":5},"1":{"name":"(anonymous_1)","decl":{"start":{"line":13,"column":29},"end":{"line":13,"column":30}},"loc":{"start":{"line":13,"column":41},"end":{"line":19,"column":1}},"line":13},"2":{"name":"(anonymous_2)","decl":{"start":{"line":21,"column":29},"end":{"line":21,"column":30}},"loc":{"start":{"line":21,"column":41},"end":{"line":27,"column":1}},"line":21},"3":{"name":"(anonymous_3)","decl":{"start":{"line":29,"column":29},"end":{"line":29,"column":30}},"loc":{"start":{"line":29,"column":41},"end":{"line":35,"column":1}},"line":29},"4":{"name":"(anonymous_4)","decl":{"start":{"line":37,"column":30},"end":{"line":37,"column":31}},"loc":{"start":{"line":37,"column":42},"end":{"line":43,"column":1}},"line":37}},"branchMap":{},"s":{"0":3,"1":3,"2":2,"3":2,"4":1,"5":3,"6":2,"7":2,"8":1,"9":3,"10":2,"11":2,"12":1,"13":3,"14":2,"15":2,"16":1,"17":3,"18":2,"19":2,"20":1},"f":{"0":2,"1":2,"2":2,"3":2,"4":2},"b":{},"_coverageSchema":"1a1c01bbd47fc00a2c39e90264f33305004495a9","hash":"c4745503e21d7a834fbee01883bd7db715cf6971"}
,"C:\\Users\\MGOWROJU\\Desktop\\TV Mate git\\TvMate\\src\\components\\ShowDetails.vue": {"path":"C:\\Users\\MGOWROJU\\Desktop\\TV Mate git\\TvMate\\src\\components\\ShowDetails.vue","statementMap":{"0":{"start":{"line":1,"column":0},"end":{"line":1,"column":null}}},"fnMap":{"0":{"name":"(anonymous_0)","decl":{"start":{"line":1,"column":0},"end":{"line":1,"column":null}},"loc":{"start":{"line":1,"column":0},"end":{"line":1,"column":null}}}},"branchMap":{"0":{"loc":{"start":{"line":1,"column":0},"end":{"line":1,"column":null}},"type":"cond-expr","locations":[{"start":{"line":1,"column":0},"end":{"line":1,"column":null}},{"start":{"line":1,"column":0},"end":{"line":1,"column":null}}]}},"s":{"0":102},"f":{"0":31},"b":{"0":[63,122]}}
,"C:\\Users\\MGOWROJU\\Desktop\\TV Mate git\\TvMate\\src\\components\\ShowsDashboard.vue": {"path":"C:\\Users\\MGOWROJU\\Desktop\\TV Mate git\\TvMate\\src\\components\\ShowsDashboard.vue","statementMap":{"0":{"start":{"line":1,"column":0},"end":{"line":1,"column":null}}},"fnMap":{"0":{"name":"(anonymous_0)","decl":{"start":{"line":1,"column":0},"end":{"line":1,"column":null}},"loc":{"start":{"line":1,"column":0},"end":{"line":1,"column":null}}}},"branchMap":{"0":{"loc":{"start":{"line":1,"column":0},"end":{"line":1,"column":null}},"type":"cond-expr","locations":[{"start":{"line":1,"column":0},"end":{"line":1,"column":null}},{"start":{"line":1,"column":0},"end":{"line":1,"column":null}}]}},"s":{"0":21},"f":{"0":5},"b":{"0":[0,30]}}
}
