TN:
SF:src\App.vue
FN:1,(anonymous_0)
FNF:1
FNH:1
FNDA:8,(anonymous_0)
DA:1,23
LF:1
LH:1
BRDA:1,0,0,18
BRDA:1,0,1,6
BRDA:1,1,0,0
BRF:3
BRH:2
end_of_record
TN:
SF:src\utils.js
FN:5,(anonymous_0)
FN:13,(anonymous_1)
FN:21,(anonymous_2)
FN:29,(anonymous_3)
FN:37,(anonymous_4)
FNF:5
FNH:5
FNDA:2,(anonymous_0)
FNDA:2,(anonymous_1)
FNDA:2,(anonymous_2)
FNDA:2,(anonymous_3)
FNDA:2,(anonymous_4)
DA:3,3
DA:5,3
DA:6,2
DA:7,2
DA:9,1
DA:13,3
DA:14,2
DA:15,2
DA:17,1
DA:21,3
DA:22,2
DA:23,2
DA:25,1
DA:29,3
DA:30,2
DA:31,2
DA:33,1
DA:37,3
DA:38,2
DA:39,2
DA:41,1
LF:21
LH:21
BRF:0
BRH:0
end_of_record
TN:
SF:src\components\ShowDetails.vue
FN:1,(anonymous_0)
FNF:1
FNH:1
FNDA:31,(anonymous_0)
DA:1,102
LF:1
LH:1
BRDA:1,0,0,63
BRDA:1,0,1,122
BRF:2
BRH:2
end_of_record
TN:
SF:src\components\ShowsDashboard.vue
FN:1,(anonymous_0)
FNF:1
FNH:1
FNDA:5,(anonymous_0)
DA:1,21
LF:1
LH:1
BRDA:1,0,0,0
BRDA:1,0,1,30
BRF:2
BRH:1
end_of_record
